<?xml version="1.0" encoding="UTF-8"?>
<!-- Generated by org.testng.reporters.JUnitXMLReporter -->
<testsuite ignored="0" hostname="Akhilesh" failures="1" tests="6" name="Regression" time="2.892" errors="0" timestamp="2022-07-16T13:28:06 IST">
  <testcase classname="com.github.test.SearchTest" name="validate_most_starred_seleniium_java_repository" time="1.771"/>
  <testcase classname="com.github.test.SearchTest" name="validate_java_seleniium_repository_count" time="1.777">
    <failure type="java.lang.AssertionError" message="Expected and Actual repo count is not matching for selenium with Java repo. expected [54009] but found [54035]">
      <![CDATA[java.lang.AssertionError: Expected and Actual repo count is not matching for selenium with Java repo. expected [54009] but found [54035]
at com.github.test.SearchTest.validate_java_seleniium_repository_count(SearchTest.java:35)
at java.base/java.util.concurrent.ThreadPoolExecutor.runWorker(ThreadPoolExecutor.java:1136)
at java.base/java.util.concurrent.ThreadPoolExecutor$Worker.run(ThreadPoolExecutor.java:635)
at java.base/java.lang.Thread.run(Thread.java:833)
... Removed 17 stack frames]]>
    </failure>
  </testcase> <!-- validate_java_seleniium_repository_count -->
  <testcase classname="com.github.test.SearchTest" name="validate_python_and_java_seleniium_repository_count" time="1.771"/>
  <testcase classname="com.github.test.UserRepoTest" name="validate_user_fullName" time="0.509"/>
  <testcase classname="com.github.test.UserRepoTest" name="validate_user_repository_count" time="0.508"/>
  <testcase classname="com.github.test.SearchTest" name="validate_python_seleniium_repository_count" time="1.031"/>
</testsuite> <!-- Regression -->
